2023-05-16 17:28:03 info: tempDirectory:c:\Users\Lenovo\.vscode\extensions\embold-vscode.embold-0.1.4\temp
2023-05-16 17:28:03 info: Extraction complete for source: c:\Users\Lenovo\.vscode\extensions\embold-vscode.embold-0.1.4\resources\embold-scanner-archive.zip, destination: c:\Users\Lenovo\.vscode\extensions\embold-vscode.embold-0.1.4\temp
2023-05-16 17:28:03 info: Congratulations, your extension "Embold" is now active!
2023-05-16 18:20:01 info: file:///c%3A/Users/Lenovo/Desktop/semster4/MachineLearning/project/Predicting_Titanic_Survival/prediction_script.py
2023-05-16 18:20:01 error: SQLITE_ERROR: no such table: issues
2023-05-16 19:00:07 info: file:///c%3A/Users/Lenovo/Desktop/semster4/MachineLearning/project/Predicting_Titanic_Survival/.git/index.lock
2023-05-16 19:00:07 error: SQLITE_ERROR: no such table: issues
2023-05-16 19:01:16 info: file:///c%3A/Users/Lenovo/Desktop/semster4/MachineLearning/project/Predicting_Titanic_Survival/.git/index.lock
2023-05-16 19:01:16 error: SQLITE_ERROR: no such table: issues
2023-05-16 19:06:10 info: file:///c%3A/Users/Lenovo/Desktop/semster4/MachineLearning/project/Predicting_Titanic_Survival/.git/index.lock
2023-05-16 19:06:10 error: SQLITE_ERROR: no such table: issues
2023-05-17 14:57:07 info: tempDirectory:c:\Users\Lenovo\.vscode\extensions\embold-vscode.embold-0.1.4\temp
2023-05-17 14:57:07 info: Extraction complete for source: c:\Users\Lenovo\.vscode\extensions\embold-vscode.embold-0.1.4\resources\embold-scanner-archive.zip, destination: c:\Users\Lenovo\.vscode\extensions\embold-vscode.embold-0.1.4\temp
2023-05-17 14:57:07 info: Congratulations, your extension "Embold" is now active!
2023-05-17 15:47:27 info: file:///c%3A/Users/Lenovo/Desktop/semster4/MachineLearning/project/Predicting_Titanic_Survival/prediction_script.ipynb
2023-05-17 15:47:27 error: SQLITE_ERROR: no such table: issues
2023-05-17 16:00:51 info: file:///c%3A/Users/Lenovo/Desktop/semster4/MachineLearning/project/Predicting_Titanic_Survival/.git/index.lock
2023-05-17 16:00:51 error: SQLITE_ERROR: no such table: issues
2023-05-17 16:01:14 info: file:///c%3A/Users/Lenovo/Desktop/semster4/MachineLearning/project/Predicting_Titanic_Survival/.git/index.lock
2023-05-17 16:01:14 error: SQLITE_ERROR: no such table: issues
2023-05-17 16:04:02 info: file:///c%3A/Users/Lenovo/Desktop/semster4/MachineLearning/project/Predicting_Titanic_Survival/.git/index.lock
2023-05-17 16:04:03 error: SQLITE_ERROR: no such table: issues
2023-05-17 16:04:54 info: file:///c%3A/Users/Lenovo/Desktop/semster4/MachineLearning/project/Predicting_Titanic_Survival/.git/index.lock
2023-05-17 16:04:54 error: SQLITE_ERROR: no such table: issues
2023-05-17 16:04:56 info: file:///c%3A/Users/Lenovo/Desktop/semster4/MachineLearning/project/Predicting_Titanic_Survival/.git/index.lock
2023-05-17 16:04:56 error: SQLITE_ERROR: no such table: issues
2023-05-17 16:05:07 info: file:///c%3A/Users/Lenovo/Desktop/semster4/MachineLearning/project/Predicting_Titanic_Survival/.git/index.lock
2023-05-17 16:05:07 error: SQLITE_ERROR: no such table: issues
2023-05-17 16:05:14 info: file:///c%3A/Users/Lenovo/Desktop/semster4/MachineLearning/project/Predicting_Titanic_Survival/.git/refs/remotes/origin/main.lock
2023-05-17 16:05:14 error: SQLITE_ERROR: no such table: issues
2023-05-17 18:49:26 info: file:///c%3A/Users/Lenovo/Desktop/semster4/MachineLearning/project/Predicting_Titanic_Survival/.git/index.lock
2023-05-17 18:49:26 error: SQLITE_ERROR: no such table: issues
2023-05-17 19:03:11 info: file:///c%3A/Users/Lenovo/Desktop/semster4/MachineLearning/project/Predicting_Titanic_Survival/.git/index.lock
2023-05-17 19:03:11 error: SQLITE_ERROR: no such table: issues
2023-05-17 19:03:13 info: file:///c%3A/Users/Lenovo/Desktop/semster4/MachineLearning/project/Predicting_Titanic_Survival/.git/index.lock
2023-05-17 19:03:13 error: SQLITE_ERROR: no such table: issues
2023-05-17 19:03:27 info: file:///c%3A/Users/Lenovo/Desktop/semster4/MachineLearning/project/Predicting_Titanic_Survival/.git/index.lock
2023-05-17 19:03:27 error: SQLITE_ERROR: no such table: issues
2023-05-17 19:04:18 info: file:///c%3A/Users/Lenovo/Desktop/semster4/MachineLearning/project/Predicting_Titanic_Survival/.git/index.lock
2023-05-17 19:04:18 error: SQLITE_ERROR: no such table: issues
2023-05-17 19:04:20 info: file:///c%3A/Users/Lenovo/Desktop/semster4/MachineLearning/project/Predicting_Titanic_Survival/.git/index.lock
2023-05-17 19:04:20 error: SQLITE_ERROR: no such table: issues
2023-05-18 20:29:26 info: tempDirectory:c:\Users\Lenovo\.vscode\extensions\embold-vscode.embold-0.1.4\temp
2023-05-18 20:29:26 info: Extraction complete for source: c:\Users\Lenovo\.vscode\extensions\embold-vscode.embold-0.1.4\resources\embold-scanner-archive.zip, destination: c:\Users\Lenovo\.vscode\extensions\embold-vscode.embold-0.1.4\temp
2023-05-18 20:29:26 info: Congratulations, your extension "Embold" is now active!
2023-05-18 20:49:10 info: file:///c%3A/Users/Lenovo/Desktop/semster4/MachineLearning/project/Predicting_Titanic_Survival/.git/index.lock
2023-05-18 20:49:10 error: SQLITE_ERROR: no such table: issues
